



























































DATE: 12/20/2016           GINGERICH'S MANUFACTURING                    PAGE:  1
                              MACHINE COST REPORT                               

          PART           QTY     COST (PER PART)    PART SUBTOTAL COST          


MACHINE: LG333                                                                  
                                                                                
          EN898            1             $500.97               $500.97          
          FR444            4              $32.83               $131.32          
          GR323            2              $44.96                $89.92          
          LN002            2              $23.00                $46.00          
          LN102            2              $23.00                $46.00          
          RW002            1             $280.00               $280.00          
          SC020           70                $.14                 $9.80          
          SC101          200                $.28                $56.00          
          SP111           16              $12.00               $192.00          
          WF002            2              $58.50               $117.00          
          WR002            2              $47.80                $95.60          
          WS002            1             $190.23               $190.23          

                                    MACHINE TOTAL COST:      $1,754.84          


MACHINE: MD482                                                                  
                                                                                
          EN774            1             $756.24               $756.24          
          FR444            8              $32.83               $262.64          
          GR585            8              $24.87               $198.96          
          LN004            2              $19.34                $38.68          
          LN104            2              $17.00                $34.00          
          RW001            1             $260.00               $260.00          
          SC020           50                $.14                 $7.00          
          SP202           14              $10.00               $140.00          
          WR001            2              $37.80                $75.60          
          WS001            1             $180.23               $180.23          

                                    MACHINE TOTAL COST:      $1,953.35          


MACHINE: SM363                                                                  
                                                                                
          EN898            1             $500.97               $500.97          
          FR444            4              $32.83               $131.32          
          GR323            1              $44.96                $44.96          
          LN001            2              $22.03                $44.06          
          LN101            2              $22.03                $44.06          
          RW001            1             $260.00               $260.00          
          SC020          102                $.14                $14.28          
          SC101          182                $.28                $50.96          
          SP111           10              $12.00               $120.00          
          WF001            2              $48.50                $97.00          
          WR001            2              $37.80                $75.60          
          WS001            1             $180.23               $180.23          

                                    MACHINE TOTAL COST:      $1,563.44          


MACHINE: XL123                                                                  
                                                                                
          EN999            1           $1,000.00             $1,000.00          



























































DATE: 12/20/2016           GINGERICH'S MANUFACTURING                    PAGE:  2
                              MACHINE COST REPORT                               

          PART           QTY     COST (PER PART)    PART SUBTOTAL COST          
          FR444            6              $32.83               $196.98          
          GR323            2              $44.96                $89.92          
          LN003            2              $17.00                $34.00          
          LN103            2              $19.34                $38.68          
          RW002            1             $280.00               $280.00          
          SC020           88                $.14                $12.32          
          SC101          208                $.28                $58.24          
          SP111           20              $12.00               $240.00          
          WF002            2              $58.50               $117.00          
          WR002            2              $47.80                $95.60          
          WS002            1             $190.23               $190.23          

                                    MACHINE TOTAL COST:      $2,352.97          


                                   GRAND TOTAL COST:         $7,624.60          